<?xml version="1.0" encoding="UTF-8"?>
<!-- Generated by org.testng.reporters.JUnitReportReporter -->
<testsuite skipped="0" hostname="DanGamer-PC" name="tests.Test99GuruLogin" tests="1" failures="0" timestamp="29 Dec 2018 22:29:55 GMT" time="0.826" errors="0">
  <testcase name="test_Home_Page_Appear_Correct" time="0.826" classname="tests.Test99GuruLogin"/>
</testsuite> <!-- tests.Test99GuruLogin -->
