<?xml version="1.0" encoding="UTF-8"?>
<!-- Generated by org.testng.reporters.JUnitReportReporter -->
<testsuite hostname="E2ML21713" name="com.demoaut.newtours.TestScripts.BookTicketTest" tests="1" failures="0" timestamp="16 Mar 2017 18:50:33 GMT" time="39.205" errors="0">
  <testcase name="bookTicket" time="39.205" classname="com.demoaut.newtours.TestScripts.BookTicketTest"/>
</testsuite> <!-- com.demoaut.newtours.TestScripts.BookTicketTest -->
