<?xml version="1.0" encoding="UTF-8"?>
<!-- Generated by org.testng.reporters.JUnitReportReporter -->
<testsuite hostname="E2ML21713" name="com.demoaut.newtours.TestScripts.ValidateCredentialsTest" tests="1" failures="0" timestamp="16 Mar 2017 13:42:13 GMT" time="26.696" errors="0">
  <testcase name="credentialVerification" time="26.696" classname="com.demoaut.newtours.TestScripts.ValidateCredentialsTest"/>
</testsuite> <!-- com.demoaut.newtours.TestScripts.ValidateCredentialsTest -->
