<?xml version="1.0" encoding="UTF-8"?>
<!-- Generated by org.testng.reporters.JUnitReportReporter -->
<testsuite hostname="E2ML15849" failures="0" tests="4" name="testNG.TestGrouping" time="0.026" errors="0" timestamp="27 Dec 2018 20:47:50 GMT" skipped="0">
  <testcase classname="testNG.TestGrouping" name="f5" time="0.004"/>
  <testcase classname="testNG.TestGrouping" name="f1" time="0.015"/>
  <testcase classname="testNG.TestGrouping" name="f2" time="0.004"/>
  <testcase classname="testNG.TestGrouping" name="f3" time="0.003"/>
</testsuite> <!-- testNG.TestGrouping -->
