<?xml version="1.0" encoding="UTF-8"?>
<!-- Generated by org.testng.reporters.JUnitReportReporter -->
<testsuite hostname="E2ML15849" failures="0" tests="2" name="testNG.TestFacebookWithDependency" time="15.369" errors="0" timestamp="27 Dec 2018 20:35:50 GMT" skipped="0">
  <testcase classname="testNG.TestFacebookWithDependency" name="loginToFacebook" time="10.350"/>
  <testcase classname="testNG.TestFacebookWithDependency" name="openBrowser" time="5.019"/>
</testsuite> <!-- testNG.TestFacebookWithDependency -->
