<?xml version="1.0" encoding="UTF-8"?>
<!-- Generated by org.testng.reporters.JUnitReportReporter -->
<testsuite hostname="E2ML15849" failures="0" tests="4" name="testNG.TestGroupingNew" time="0.007" errors="0" timestamp="27 Dec 2018 20:47:50 GMT" skipped="0">
  <testcase classname="testNG.TestGroupingNew" name="g5" time="0.001"/>
  <testcase classname="testNG.TestGroupingNew" name="g2" time="0.002"/>
  <testcase classname="testNG.TestGroupingNew" name="g4" time="0.002"/>
  <testcase classname="testNG.TestGroupingNew" name="g1" time="0.002"/>
</testsuite> <!-- testNG.TestGroupingNew -->
