<?xml version="1.0" encoding="UTF-8"?>
<!-- Generated by org.testng.reporters.JUnitReportReporter -->
<testsuite hostname="E2ML15849" failures="0" tests="3" name="testNG.TestAnnotations" time="0.018" errors="0" timestamp="27 Dec 2018 20:35:50 GMT" skipped="0">
  <testcase classname="testNG.TestAnnotations" name="f2" time="0.005"/>
  <testcase classname="testNG.TestAnnotations" name="f3" time="0.006"/>
  <testcase classname="testNG.TestAnnotations" name="f1" time="0.007"/>
</testsuite> <!-- testNG.TestAnnotations -->
