<?xml version="1.0" encoding="UTF-8"?>
<!-- Generated by org.testng.reporters.JUnitReportReporter -->
<testsuite hostname="E2ML15849" failures="0" tests="6" name="testNG.TestAttributes" time="0.019" errors="0" timestamp="27 Dec 2018 20:35:50 GMT" skipped="1">
  <testcase classname="testNG.TestAttributes" name="j" time="0.003"/>
  <testcase classname="testNG.TestAttributes" name="a" time="0.007"/>
  <testcase classname="testNG.TestAttributes" name="j" time="0.006"/>
  <testcase classname="testNG.TestAttributes" name="f" time="0.002"/>
  <testcase classname="testNG.TestAttributes" name="j" time="0.001"/>
  <testcase classname="testNG.TestAttributes" name="g">
    <skipped/>
  </testcase> <!-- g -->
</testsuite> <!-- testNG.TestAttributes -->
