<?xml version="1.0" encoding="UTF-8"?>
<!-- Generated by org.testng.reporters.JUnitReportReporter -->
<testsuite hostname="E2ML15849" failures="0" tests="5" name="testNG.TestSequencing" time="0.008" errors="0" timestamp="27 Dec 2018 20:35:50 GMT" skipped="0">
  <testcase classname="testNG.TestSequencing" name="k" time="0.002"/>
  <testcase classname="testNG.TestSequencing" name="f" time="0.001"/>
  <testcase classname="testNG.TestSequencing" name="n" time="0.001"/>
  <testcase classname="testNG.TestSequencing" name="h" time="0.002"/>
  <testcase classname="testNG.TestSequencing" name="a" time="0.002"/>
</testsuite> <!-- testNG.TestSequencing -->
